<?xml version="1.0" encoding="UTF-8"?>
<!-- Generated by org.testng.reporters.JUnitXMLReporter -->
<testsuite ignored="1" hostname="LAPTOP-BCTBB8MA" failures="0" tests="1" name="UIAutomationFramwork1" time="8.628" errors="0" timestamp="2023-06-07T12:03:08 GMT-06:00">
  <testcase classname="TestRunners.TSFATestCase2" name="TestTFSACalculatorFunctionalityForNewUser" time="3.814"/>
  <testcase classname="TestRunners.BaseTest" name="@BeforeTest readBrowserName" time="0.0">
    <ignored/>
  </testcase> <!-- @BeforeTest readBrowserName -->
</testsuite> <!-- UIAutomationFramwork1 -->
