<?xml version="1.0" encoding="UTF-8"?>
<!-- Generated by org.testng.reporters.JUnitXMLReporter -->
<testsuite ignored="1" hostname="LAPTOP-BCTBB8MA" failures="0" tests="1" name="UIAutomationFramwork1" time="10.038" errors="0" timestamp="2023-05-29T22:49:34 GMT-06:00">
  <testcase classname="TestRunners.LoginPageTest" name="TestTFSACalculatorFunctionalityForNewUser" time="3.266"/>
  <testcase classname="TestRunners.LoginPageTest" name="loginTest" time="0.0">
    <ignored/>
  </testcase> <!-- loginTest -->
</testsuite> <!-- UIAutomationFramwork1 -->
