<?xml version="1.0" encoding="UTF-8"?>
<testng-results ignored="1" total="3" passed="2" failed="0" skipped="0">
  <reporter-output>
  </reporter-output>
  <suite started-at="2023-05-29T22:49:24 GMT-06:00" name="Default Suite" finished-at="2023-05-29T22:49:35 GMT-06:00" duration-ms="10702">
    <groups>
      <group name="low">
        <method signature="TSFATestCase2.TestTFSACalculatorFunctionalityForNewUser()[pri:0, instance:TestRunners.TSFATestCase2@38c6f217]" name="TestTFSACalculatorFunctionalityForNewUser" class="TestRunners.TSFATestCase2"/>
      </group> <!-- low -->
      <group name="medium">
        <method signature="LoginPageTest.TestTFSACalculatorFunctionalityForNewUser()[pri:0, instance:TestRunners.LoginPageTest@4d9e68d0]" name="TestTFSACalculatorFunctionalityForNewUser" class="TestRunners.LoginPageTest"/>
      </group> <!-- medium -->
    </groups>
    <test started-at="2023-05-29T22:49:24 GMT-06:00" name="UIAutomationFramwork1" finished-at="2023-05-29T22:49:34 GMT-06:00" duration-ms="10038">
      <class name="TestRunners.LoginPageTest">
        <test-method is-config="true" signature="readBrowserName(java.lang.String)[pri:0, instance:TestRunners.LoginPageTest@4d9e68d0]" started-at="2023-05-29T22:49:24 GMT-06:00" name="readBrowserName" finished-at="2023-05-29T22:49:24 GMT-06:00" duration-ms="24" status="PASS">
          <params>
            <param index="0">
              <value>
                <![CDATA[chrome]]>
              </value>
            </param>
          </params>
          <reporter-output>
          </reporter-output>
        </test-method> <!-- readBrowserName -->
        <test-method is-config="true" signature="toKnowWhichClassIsExecuting()[pri:0, instance:TestRunners.LoginPageTest@4d9e68d0]" started-at="2023-05-29T22:49:24 GMT-06:00" name="toKnowWhichClassIsExecuting" finished-at="2023-05-29T22:49:24 GMT-06:00" duration-ms="0" status="PASS">
          <reporter-output>
          </reporter-output>
        </test-method> <!-- toKnowWhichClassIsExecuting -->
        <test-method is-config="true" signature="openBrowserAndLaunchApplication()[pri:0, instance:TestRunners.LoginPageTest@4d9e68d0]" started-at="2023-05-29T22:49:24 GMT-06:00" name="openBrowserAndLaunchApplication" finished-at="2023-05-29T22:49:31 GMT-06:00" duration-ms="6684" status="PASS">
          <reporter-output>
          </reporter-output>
        </test-method> <!-- openBrowserAndLaunchApplication -->
        <test-method signature="TestTFSACalculatorFunctionalityForNewUser()[pri:0, instance:TestRunners.LoginPageTest@4d9e68d0]" started-at="2023-05-29T22:49:31 GMT-06:00" name="TestTFSACalculatorFunctionalityForNewUser" finished-at="2023-05-29T22:49:34 GMT-06:00" duration-ms="3266" status="PASS">
          <reporter-output>
          </reporter-output>
        </test-method> <!-- TestTFSACalculatorFunctionalityForNewUser -->
      </class> <!-- TestRunners.LoginPageTest -->
    </test> <!-- UIAutomationFramwork1 -->
    <test started-at="2023-05-29T22:49:24 GMT-06:00" name="UIAutomationFramwork2" finished-at="2023-05-29T22:49:35 GMT-06:00" duration-ms="10702">
      <class name="TestRunners.TSFATestCase2">
        <test-method is-config="true" signature="readBrowserName(java.lang.String)[pri:0, instance:TestRunners.TSFATestCase2@38c6f217]" started-at="2023-05-29T22:49:24 GMT-06:00" name="readBrowserName" finished-at="2023-05-29T22:49:24 GMT-06:00" duration-ms="24" status="PASS">
          <params>
            <param index="0">
              <value>
                <![CDATA[edge]]>
              </value>
            </param>
          </params>
          <reporter-output>
          </reporter-output>
        </test-method> <!-- readBrowserName -->
        <test-method is-config="true" signature="toKnowWhichClassIsExecuting()[pri:0, instance:TestRunners.TSFATestCase2@38c6f217]" started-at="2023-05-29T22:49:24 GMT-06:00" name="toKnowWhichClassIsExecuting" finished-at="2023-05-29T22:49:24 GMT-06:00" duration-ms="0" status="PASS">
          <reporter-output>
          </reporter-output>
        </test-method> <!-- toKnowWhichClassIsExecuting -->
        <test-method is-config="true" signature="openBrowserAndLaunchApplication()[pri:0, instance:TestRunners.TSFATestCase2@38c6f217]" started-at="2023-05-29T22:49:24 GMT-06:00" name="openBrowserAndLaunchApplication" finished-at="2023-05-29T22:49:32 GMT-06:00" duration-ms="7589" status="PASS">
          <reporter-output>
          </reporter-output>
        </test-method> <!-- openBrowserAndLaunchApplication -->
        <test-method is-config="true" signature="Aftercuation()[pri:0, instance:TestRunners.TSFATestCase2@38c6f217]" started-at="2023-05-29T22:49:24 GMT-06:00" name="Aftercuation" finished-at="2023-05-29T22:49:24 GMT-06:00" duration-ms="0" status="PASS">
          <reporter-output>
          </reporter-output>
        </test-method> <!-- Aftercuation -->
        <test-method is-config="true" signature="cuation()[pri:0, instance:TestRunners.TSFATestCase2@38c6f217]" started-at="2023-05-29T22:49:24 GMT-06:00" name="cuation" finished-at="2023-05-29T22:49:24 GMT-06:00" duration-ms="0" status="PASS">
          <reporter-output>
          </reporter-output>
        </test-method> <!-- cuation -->
        <test-method signature="TestTFSACalculatorFunctionalityForNewUser()[pri:0, instance:TestRunners.TSFATestCase2@38c6f217]" started-at="2023-05-29T22:49:32 GMT-06:00" name="TestTFSACalculatorFunctionalityForNewUser" finished-at="2023-05-29T22:49:35 GMT-06:00" duration-ms="3041" status="PASS">
          <reporter-output>
          </reporter-output>
        </test-method> <!-- TestTFSACalculatorFunctionalityForNewUser -->
      </class> <!-- TestRunners.TSFATestCase2 -->
    </test> <!-- UIAutomationFramwork2 -->
  </suite> <!-- Default Suite -->
</testng-results>
