<?xml version="1.0" encoding="UTF-8"?>
<testng-results ignored="1" total="2" passed="1" failed="0" skipped="0">
  <reporter-output>
  </reporter-output>
  <suite started-at="2023-06-07T12:02:59 GMT-06:00" name="Default Suite" finished-at="2023-06-07T12:03:08 GMT-06:00" duration-ms="8628">
    <groups>
      <group name="low">
        <method signature="TSFATestCase2.TestTFSACalculatorFunctionalityForNewUser()[pri:0, instance:TestRunners.TSFATestCase2@759d26fb]" name="TestTFSACalculatorFunctionalityForNewUser" class="TestRunners.TSFATestCase2"/>
      </group> <!-- low -->
    </groups>
    <test started-at="2023-06-07T12:02:59 GMT-06:00" name="UIAutomationFramwork1" finished-at="2023-06-07T12:03:08 GMT-06:00" duration-ms="8628">
      <class name="TestRunners.BaseTest">
        <test-method is-config="true" signature="readBrowserName(java.lang.String)[pri:0, instance:TestRunners.BaseTest@20f5239f]" started-at="2023-06-07T12:02:59 GMT-06:00" name="readBrowserName" finished-at="2023-06-07T12:02:59 GMT-06:00" duration-ms="32" status="PASS">
          <params>
            <param index="0">
              <value>
                <![CDATA[chrome]]>
              </value>
            </param>
          </params>
          <reporter-output>
          </reporter-output>
        </test-method> <!-- readBrowserName -->
        <test-method is-config="true" signature="Aftercuation()[pri:0, instance:TestRunners.BaseTest@20f5239f]" started-at="2023-06-07T12:02:59 GMT-06:00" name="Aftercuation" finished-at="2023-06-07T12:02:59 GMT-06:00" duration-ms="1" status="PASS">
          <reporter-output>
          </reporter-output>
        </test-method> <!-- Aftercuation -->
        <test-method is-config="true" signature="cuation()[pri:0, instance:TestRunners.BaseTest@20f5239f]" started-at="2023-06-07T12:02:59 GMT-06:00" name="cuation" finished-at="2023-06-07T12:02:59 GMT-06:00" duration-ms="0" status="PASS">
          <reporter-output>
          </reporter-output>
        </test-method> <!-- cuation -->
      </class> <!-- TestRunners.BaseTest -->
      <class name="TestRunners.TSFATestCase2">
        <test-method is-config="true" signature="toKnowWhichClassIsExecuting()[pri:0, instance:TestRunners.TSFATestCase2@759d26fb]" started-at="2023-06-07T12:02:59 GMT-06:00" name="toKnowWhichClassIsExecuting" finished-at="2023-06-07T12:02:59 GMT-06:00" duration-ms="1" status="PASS">
          <reporter-output>
          </reporter-output>
        </test-method> <!-- toKnowWhichClassIsExecuting -->
        <test-method is-config="true" signature="openBrowserAndLaunchApplication()[pri:0, instance:TestRunners.TSFATestCase2@759d26fb]" started-at="2023-06-07T12:02:59 GMT-06:00" name="openBrowserAndLaunchApplication" finished-at="2023-06-07T12:03:03 GMT-06:00" duration-ms="4356" status="PASS">
          <reporter-output>
          </reporter-output>
        </test-method> <!-- openBrowserAndLaunchApplication -->
        <test-method signature="TestTFSACalculatorFunctionalityForNewUser()[pri:0, instance:TestRunners.TSFATestCase2@759d26fb]" started-at="2023-06-07T12:03:03 GMT-06:00" name="TestTFSACalculatorFunctionalityForNewUser" finished-at="2023-06-07T12:03:07 GMT-06:00" duration-ms="3814" status="PASS">
          <reporter-output>
          </reporter-output>
        </test-method> <!-- TestTFSACalculatorFunctionalityForNewUser -->
        <test-method is-config="true" signature="a_takeScreenshots(org.testng.ITestResult)[pri:0, instance:TestRunners.TSFATestCase2@759d26fb]" started-at="2023-06-07T12:03:07 GMT-06:00" name="a_takeScreenshots" finished-at="2023-06-07T12:03:08 GMT-06:00" duration-ms="368" status="PASS">
          <params>
            <param index="0">
              <value>
                <![CDATA[[TestResult name=TestTFSACalculatorFunctionalityForNewUser status=SUCCESS method=TSFATestCase2.TestTFSACalculatorFunctionalityForNewUser()[pri:0, instance:TestRunners.TSFATestCase2@759d26fb] output={null}]]]>
              </value>
            </param>
          </params>
          <reporter-output>
          </reporter-output>
        </test-method> <!-- a_takeScreenshots -->
      </class> <!-- TestRunners.TSFATestCase2 -->
    </test> <!-- UIAutomationFramwork1 -->
  </suite> <!-- Default Suite -->
</testng-results>
